 88 13247 35 32 1 33 92 18336 7095 7045
 1









 32004 29944 102 28789
 32004 29944 102 28789
 32004 29944 18520
 32004 29944 18520
 32004 29944 18520 16
 32004 29944 27 102 28789 16
 32004 29944 27 102 28789 16
 14152 12741 23274 1 29 82 16003
 102 16435 7187 38 99 7069 25460 7099 83 7045 7094 7222 7095 7069
 1 1 1
 1
 1 23 31304 7048 21907 7071 24 1 1 1 23 92 19760 14698 12835 84 7073 7075 32061 7045 26430 30214 16061 23624 16061 7094 24 1 23 18446 16157 84 7073 7075 32061 14152 12648 22106 7045 21801 7045 94 7070 7044 17253 20903 7044 24
 32004 29944
 32004 29944
 32004 29944
 32004 29944
 32004 29944
 32004 29944 32004 29944
 23
 44
 22 84 14469
 32004 29944 27 104 22 28187 16 55 13544 21369 7084 23418 1 46 2366 2263 1448 80 16003 12835 17228 22230 17880 23055 1589 109
 16 16 16 16 16 16
 34
 13590
 13590 7083
 13590 17209
 13590 17209 7083
 13590 17209 17209
 13590 17209 17209 7083
 13590 17209 17209 17209
 13590 17209 17209 17209 7083
 1 1
 23283 23637 14194 7045
 1 23 31304 7048 21907 7071 24 1 1 1 23 92 19760 14698 12835 84 7073 7075 32061 7045 26430 30214 16061 23624 16061 7094 24 1 1 34 13590 13590 7083 13590 17209 13590 17209 7083 13590 17209 17209 13590 17209 17209 7083 13590 17209 17209 17209 34 29 34 34 29 29 34 34 29 29 29 34 1 46 2366 2263 1448 80 16003 12835 17228 22230 17880 23055 1589 109 26810 7509 7509 7509 7509 8741 8741 8741 8741 8741 8741 8741 1 1 1 22 22 22 22 22 22 79 79 79 79 79 8669 8669 7329 7329 7329 7329 28042 28042 28042 7508 7508 7508 7508 7508 7508 8134 8134 8134 8134 8134 8134 56 22 101 7084 24992 12620 22 17253 16344 30334 22 98 13891 12940 27 22 18898 23418 31114 12940 46 22 60 31304 7046 31114 12940 56 22 91 7071 92 19897 21801 27 22 51 23418 91 26183 98 19851 30713 7043 46 21452 22 69 7084 80 22 91 7159
